2019-05-13 09:27:26,007 [Thread-2:14028] [monkey.views:105] [views:get_order] [DEBUG]- today is your day!
2019-05-13 09:27:26,008 [Thread-2:14028] [monkey.views:106] [views:get_order] [INFO]- info logging
2019-05-13 09:27:26,008 [Thread-2:14028] [monkey.views:108] [views:get_order] [WARNING]- warning logger
2019-05-13 09:27:26,009 [Thread-2:14028] [monkey.views:109] [views:get_order] [DEBUG]- debug  logger
2019-05-13 09:27:26,009 [Thread-2:14028] [monkey.views:110] [views:get_order] [ERROR]- ffffffffffffffffffff
2019-05-13 09:27:26,010 [Thread-2:14028] [monkey.views:111] [views:get_order] [DEBUG]- hello i am herman
2019-05-13 09:27:26,010 [Thread-2:14028] [monkey.views:115] [views:get_order] [ERROR]- [Errno 2] No such file or directory: 'xxerere.txt'
2019-05-13 10:59:12,300 [Thread-2:8168] [monkey.views:105] [views:get_order] [DEBUG]- today is your day!
2019-05-13 10:59:12,301 [Thread-2:8168] [monkey.views:106] [views:get_order] [INFO]- info logging
2019-05-13 10:59:12,301 [Thread-2:8168] [monkey.views:108] [views:get_order] [WARNING]- warning logger
2019-05-13 10:59:12,302 [Thread-2:8168] [monkey.views:109] [views:get_order] [DEBUG]- debug  logger
2019-05-13 10:59:12,302 [Thread-2:8168] [monkey.views:110] [views:get_order] [ERROR]- ffffffffffffffffffff
2019-05-13 10:59:12,303 [Thread-2:8168] [monkey.views:111] [views:get_order] [DEBUG]- hello i am herman
2019-05-13 10:59:12,303 [Thread-2:8168] [monkey.views:115] [views:get_order] [ERROR]- [Errno 2] No such file or directory: 'xxerere.txt'
2019-05-13 14:04:43,157 [Thread-3:22672] [monkey.views:105] [views:get_order] [DEBUG]- today is your day!
2019-05-13 14:04:43,224 [Thread-3:22672] [monkey.views:106] [views:get_order] [INFO]- info logging
2019-05-13 14:04:43,225 [Thread-3:22672] [monkey.views:108] [views:get_order] [WARNING]- warning logger
2019-05-13 14:04:43,225 [Thread-3:22672] [monkey.views:109] [views:get_order] [DEBUG]- debug  logger
2019-05-13 14:04:43,225 [Thread-3:22672] [monkey.views:110] [views:get_order] [ERROR]- ffffffffffffffffffff
2019-05-13 14:05:21,686 [Thread-2:22464] [monkey.views:105] [views:get_order] [DEBUG]- today is your day!
2019-05-13 14:05:21,686 [Thread-2:22464] [monkey.views:106] [views:get_order] [INFO]- info logging
2019-05-13 14:05:21,687 [Thread-2:22464] [monkey.views:108] [views:get_order] [WARNING]- warning logger
2019-05-13 14:05:21,687 [Thread-2:22464] [monkey.views:109] [views:get_order] [DEBUG]- debug  logger
2019-05-13 14:05:21,687 [Thread-2:22464] [monkey.views:110] [views:get_order] [ERROR]- ffffffffffffffffffff
2019-05-13 14:05:21,688 [Thread-2:22464] [monkey.views:115] [views:get_order] [ERROR]- [Errno 2] No such file or directory: 'xxerere.txt'
2019-05-13 16:07:30,557 [Thread-2:21840] [elephent.views:43] [views:post] [ERROR]- type object 'UserInfo' has no attribute 'ojbects'
2019-05-13 16:08:53,689 [Thread-2:22432] [elephent.views:43] [views:post] [ERROR]- string argument without an encoding
2019-05-13 10:24:26,055 [Thread-2:9660] [elephent.views:43] [views:post] [ERROR]- Invalid field name(s) for model UserToken: 'default'.
