2019-05-13 00:59:53,159 [Thread-2:1620] [monkey.views:98] [views:get_order] [ERROR]- today is your day!
2019-05-13 00:59:54,912 [Thread-2:1620] [monkey.views:98] [views:get_order] [ERROR]- today is your day!
2019-05-13 09:24:50,649 [Thread-3:15908] [monkey.views:103] [views:get_order] [ERROR]- ffffffffffffffffffff
2019-05-13 09:24:55,917 [Thread-3:15908] [monkey.views:103] [views:get_order] [ERROR]- ffffffffffffffffffff
2019-05-13 09:32:28,483 [Thread-2:5720] [monkey.views:103] [views:get_order] [ERROR]- ffffffffffffffffffff
2019-05-13 09:32:32,331 [Thread-2:5720] [monkey.views:103] [views:get_order] [ERROR]- ffffffffffffffffffff
2019-05-13 09:36:21,145 [Thread-2:13812] [monkey.views:110] [views:get_order] [ERROR]- ffffffffffffffffffff
2019-05-13 09:36:23,571 [Thread-2:13812] [monkey.views:110] [views:get_order] [ERROR]- ffffffffffffffffffff
2019-05-13 09:24:44,293 [Thread-2:20904] [monkey.views:110] [views:get_order] [ERROR]- ffffffffffffffffffff
2019-05-13 09:24:44,295 [Thread-2:20904] [monkey.views:115] [views:get_order] [ERROR]- [Errno 2] No such file or directory: 'xxerere.txt'
2019-05-13 09:25:30,130 [Thread-2:20904] [monkey.views:110] [views:get_order] [ERROR]- ffffffffffffffffffff
2019-05-13 09:25:30,132 [Thread-2:20904] [monkey.views:115] [views:get_order] [ERROR]- [Errno 2] No such file or directory: 'xxerere.txt'
2019-05-13 09:27:26,009 [Thread-2:14028] [monkey.views:110] [views:get_order] [ERROR]- ffffffffffffffffffff
2019-05-13 09:27:26,010 [Thread-2:14028] [monkey.views:115] [views:get_order] [ERROR]- [Errno 2] No such file or directory: 'xxerere.txt'
2019-05-13 10:59:12,302 [Thread-2:8168] [monkey.views:110] [views:get_order] [ERROR]- ffffffffffffffffffff
2019-05-13 10:59:12,303 [Thread-2:8168] [monkey.views:115] [views:get_order] [ERROR]- [Errno 2] No such file or directory: 'xxerere.txt'
2019-05-13 14:04:43,225 [Thread-3:22672] [monkey.views:110] [views:get_order] [ERROR]- ffffffffffffffffffff
2019-05-13 14:05:21,687 [Thread-2:22464] [monkey.views:110] [views:get_order] [ERROR]- ffffffffffffffffffff
2019-05-13 14:05:21,688 [Thread-2:22464] [monkey.views:115] [views:get_order] [ERROR]- [Errno 2] No such file or directory: 'xxerere.txt'
2019-05-13 16:07:30,557 [Thread-2:21840] [elephent.views:43] [views:post] [ERROR]- type object 'UserInfo' has no attribute 'ojbects'
2019-05-13 16:08:53,689 [Thread-2:22432] [elephent.views:43] [views:post] [ERROR]- string argument without an encoding
2019-05-13 10:24:26,055 [Thread-2:9660] [elephent.views:43] [views:post] [ERROR]- Invalid field name(s) for model UserToken: 'default'.
