2019-05-13 00:51:08,134 [Thread-2:21860] [django.request:228] [log:log_response] [WARNING]- Not Found: /
2019-05-13 00:55:43,588 [Thread-2:20872] [django.request:228] [log:log_response] [WARNING]- Not Found: /get_order/
2019-05-13 00:55:50,420 [Thread-2:20872] [django.request:228] [log:log_response] [ERROR]- Internal Server Error: /get_order
Traceback (most recent call last):
  File "C:\ProgramData\Anaconda3\lib\site-packages\django\core\handlers\exception.py", line 34, in inner
    response = get_response(request)
  File "C:\ProgramData\Anaconda3\lib\site-packages\django\core\handlers\base.py", line 126, in _get_response
    response = self.process_exception_by_middleware(e, request)
  File "C:\ProgramData\Anaconda3\lib\site-packages\django\core\handlers\base.py", line 124, in _get_response
    response = wrapped_callback(request, *callback_args, **callback_kwargs)
TypeError: get_order() takes 0 positional arguments but 1 was given
2019-05-13 00:56:27,431 [Thread-2:21828] [django.request:228] [log:log_response] [ERROR]- Internal Server Error: /get_order
Traceback (most recent call last):
  File "C:\ProgramData\Anaconda3\lib\site-packages\django\core\handlers\exception.py", line 34, in inner
    response = get_response(request)
  File "C:\ProgramData\Anaconda3\lib\site-packages\django\core\handlers\base.py", line 126, in _get_response
    response = self.process_exception_by_middleware(e, request)
  File "C:\ProgramData\Anaconda3\lib\site-packages\django\core\handlers\base.py", line 124, in _get_response
    response = wrapped_callback(request, *callback_args, **callback_kwargs)
  File "C:\Users\island\Desktop\djangos\herman\monkey\views.py", line 98, in get_order
    logger.log("today is your day!")
TypeError: log() missing 1 required positional argument: 'msg'
2019-05-13 00:56:48,733 [Thread-2:19244] [django.request:228] [log:log_response] [ERROR]- Internal Server Error: /get_order
Traceback (most recent call last):
  File "C:\ProgramData\Anaconda3\lib\site-packages\django\core\handlers\exception.py", line 34, in inner
    response = get_response(request)
  File "C:\ProgramData\Anaconda3\lib\site-packages\django\core\handlers\base.py", line 126, in _get_response
    response = self.process_exception_by_middleware(e, request)
  File "C:\ProgramData\Anaconda3\lib\site-packages\django\core\handlers\base.py", line 124, in _get_response
    response = wrapped_callback(request, *callback_args, **callback_kwargs)
  File "C:\Users\island\Desktop\djangos\herman\monkey\views.py", line 98, in get_order
    logger.log(msg="today is your day!")
TypeError: log() missing 1 required positional argument: 'level'
2019-05-13 00:58:14,113 [Thread-2:21860] [django.request:228] [log:log_response] [ERROR]- Internal Server Error: /get_order
Traceback (most recent call last):
  File "C:\ProgramData\Anaconda3\lib\site-packages\django\core\handlers\exception.py", line 34, in inner
    response = get_response(request)
  File "C:\ProgramData\Anaconda3\lib\site-packages\django\core\handlers\base.py", line 126, in _get_response
    response = self.process_exception_by_middleware(e, request)
  File "C:\ProgramData\Anaconda3\lib\site-packages\django\core\handlers\base.py", line 124, in _get_response
    response = wrapped_callback(request, *callback_args, **callback_kwargs)
  File "C:\Users\island\Desktop\djangos\herman\monkey\views.py", line 98, in get_order
    logger.log(level='error',msg="today is your day!")
  File "C:\ProgramData\Anaconda3\lib\logging\__init__.py", line 1445, in log
    raise TypeError("level must be an integer")
TypeError: level must be an integer
2019-05-13 09:24:49,952 [Thread-2:7160] [django.request:228] [log:log_response] [WARNING]- Not Found: /favicon.ico
2019-05-13 09:24:50,850 [Thread-3:15908] [django.request:228] [log:log_response] [ERROR]- Internal Server Error: /get_order
Traceback (most recent call last):
  File "C:\ProgramData\Anaconda3\lib\site-packages\django\core\handlers\exception.py", line 34, in inner
    response = get_response(request)
  File "C:\ProgramData\Anaconda3\lib\site-packages\django\core\handlers\base.py", line 126, in _get_response
    response = self.process_exception_by_middleware(e, request)
  File "C:\ProgramData\Anaconda3\lib\site-packages\django\core\handlers\base.py", line 124, in _get_response
    response = wrapped_callback(request, *callback_args, **callback_kwargs)
  File "C:\Users\island\Desktop\djangos\herman\monkey\views.py", line 104, in get_order
    logger.log(level=10,msg=settings.Herman)
  File "C:\ProgramData\Anaconda3\lib\site-packages\django\conf\__init__.py", line 58, in __getattr__
    val = getattr(self._wrapped, name)
AttributeError: 'Settings' object has no attribute 'Herman'
2019-05-13 09:24:56,011 [Thread-3:15908] [django.request:228] [log:log_response] [ERROR]- Internal Server Error: /get_order
Traceback (most recent call last):
  File "C:\ProgramData\Anaconda3\lib\site-packages\django\core\handlers\exception.py", line 34, in inner
    response = get_response(request)
  File "C:\ProgramData\Anaconda3\lib\site-packages\django\core\handlers\base.py", line 126, in _get_response
    response = self.process_exception_by_middleware(e, request)
  File "C:\ProgramData\Anaconda3\lib\site-packages\django\core\handlers\base.py", line 124, in _get_response
    response = wrapped_callback(request, *callback_args, **callback_kwargs)
  File "C:\Users\island\Desktop\djangos\herman\monkey\views.py", line 104, in get_order
    logger.log(level=10,msg=settings.Herman)
  File "C:\ProgramData\Anaconda3\lib\site-packages\django\conf\__init__.py", line 58, in __getattr__
    val = getattr(self._wrapped, name)
AttributeError: 'Settings' object has no attribute 'Herman'
2019-05-13 09:32:28,545 [Thread-2:5720] [django.request:228] [log:log_response] [ERROR]- Internal Server Error: /get_order
Traceback (most recent call last):
  File "C:\ProgramData\Anaconda3\lib\site-packages\django\core\handlers\exception.py", line 34, in inner
    response = get_response(request)
  File "C:\ProgramData\Anaconda3\lib\site-packages\django\core\handlers\base.py", line 126, in _get_response
    response = self.process_exception_by_middleware(e, request)
  File "C:\ProgramData\Anaconda3\lib\site-packages\django\core\handlers\base.py", line 124, in _get_response
    response = wrapped_callback(request, *callback_args, **callback_kwargs)
  File "C:\Users\island\Desktop\djangos\herman\monkey\views.py", line 104, in get_order
    logger.log(level=10,msg=settings.Herman)
  File "C:\ProgramData\Anaconda3\lib\site-packages\django\conf\__init__.py", line 58, in __getattr__
    val = getattr(self._wrapped, name)
AttributeError: 'Settings' object has no attribute 'Herman'
2019-05-13 09:32:32,387 [Thread-2:5720] [django.request:228] [log:log_response] [ERROR]- Internal Server Error: /get_order
Traceback (most recent call last):
  File "C:\ProgramData\Anaconda3\lib\site-packages\django\core\handlers\exception.py", line 34, in inner
    response = get_response(request)
  File "C:\ProgramData\Anaconda3\lib\site-packages\django\core\handlers\base.py", line 126, in _get_response
    response = self.process_exception_by_middleware(e, request)
  File "C:\ProgramData\Anaconda3\lib\site-packages\django\core\handlers\base.py", line 124, in _get_response
    response = wrapped_callback(request, *callback_args, **callback_kwargs)
  File "C:\Users\island\Desktop\djangos\herman\monkey\views.py", line 104, in get_order
    logger.log(level=10,msg=settings.Herman)
  File "C:\ProgramData\Anaconda3\lib\site-packages\django\conf\__init__.py", line 58, in __getattr__
    val = getattr(self._wrapped, name)
AttributeError: 'Settings' object has no attribute 'Herman'
2019-05-13 09:36:21,203 [Thread-2:13812] [django.request:228] [log:log_response] [ERROR]- Internal Server Error: /get_order
Traceback (most recent call last):
  File "C:\ProgramData\Anaconda3\lib\site-packages\django\core\handlers\exception.py", line 34, in inner
    response = get_response(request)
  File "C:\ProgramData\Anaconda3\lib\site-packages\django\core\handlers\base.py", line 126, in _get_response
    response = self.process_exception_by_middleware(e, request)
  File "C:\ProgramData\Anaconda3\lib\site-packages\django\core\handlers\base.py", line 124, in _get_response
    response = wrapped_callback(request, *callback_args, **callback_kwargs)
  File "C:\Users\island\Desktop\djangos\herman\monkey\views.py", line 111, in get_order
    logger.log(level=10,msg=settings.herman)
  File "C:\ProgramData\Anaconda3\lib\site-packages\django\conf\__init__.py", line 58, in __getattr__
    val = getattr(self._wrapped, name)
AttributeError: 'Settings' object has no attribute 'herman'
2019-05-13 09:36:23,616 [Thread-2:13812] [django.request:228] [log:log_response] [ERROR]- Internal Server Error: /get_order
Traceback (most recent call last):
  File "C:\ProgramData\Anaconda3\lib\site-packages\django\core\handlers\exception.py", line 34, in inner
    response = get_response(request)
  File "C:\ProgramData\Anaconda3\lib\site-packages\django\core\handlers\base.py", line 126, in _get_response
    response = self.process_exception_by_middleware(e, request)
  File "C:\ProgramData\Anaconda3\lib\site-packages\django\core\handlers\base.py", line 124, in _get_response
    response = wrapped_callback(request, *callback_args, **callback_kwargs)
  File "C:\Users\island\Desktop\djangos\herman\monkey\views.py", line 111, in get_order
    logger.log(level=10,msg=settings.herman)
  File "C:\ProgramData\Anaconda3\lib\site-packages\django\conf\__init__.py", line 58, in __getattr__
    val = getattr(self._wrapped, name)
AttributeError: 'Settings' object has no attribute 'herman'
2019-05-13 10:54:07,291 [Thread-2:10252] [django.request:228] [log:log_response] [ERROR]- Internal Server Error: /monkey
Traceback (most recent call last):
  File "C:\ProgramData\Anaconda3\lib\site-packages\django\core\handlers\exception.py", line 34, in inner
    response = get_response(request)
  File "C:\ProgramData\Anaconda3\lib\site-packages\django\core\handlers\base.py", line 126, in _get_response
    response = self.process_exception_by_middleware(e, request)
  File "C:\ProgramData\Anaconda3\lib\site-packages\django\core\handlers\base.py", line 124, in _get_response
    response = wrapped_callback(request, *callback_args, **callback_kwargs)
  File "C:\ProgramData\Anaconda3\lib\site-packages\django\views\decorators\csrf.py", line 54, in wrapped_view
    return view_func(*args, **kwargs)
  File "C:\ProgramData\Anaconda3\lib\site-packages\django\views\generic\base.py", line 68, in view
    return self.dispatch(request, *args, **kwargs)
  File "C:\ProgramData\Anaconda3\lib\site-packages\rest_framework\views.py", line 495, in dispatch
    response = self.handle_exception(exc)
  File "C:\ProgramData\Anaconda3\lib\site-packages\rest_framework\views.py", line 455, in handle_exception
    self.raise_uncaught_exception(exc)
  File "C:\ProgramData\Anaconda3\lib\site-packages\rest_framework\views.py", line 483, in dispatch
    self.initial(request, *args, **kwargs)
  File "C:\ProgramData\Anaconda3\lib\site-packages\rest_framework\views.py", line 400, in initial
    self.perform_authentication(request)
  File "C:\ProgramData\Anaconda3\lib\site-packages\rest_framework\views.py", line 326, in perform_authentication
    request.user
  File "C:\ProgramData\Anaconda3\lib\site-packages\rest_framework\request.py", line 223, in user
    self._authenticate()
  File "C:\ProgramData\Anaconda3\lib\site-packages\rest_framework\request.py", line 376, in _authenticate
    user_auth_tuple = authenticator.authenticate(self)# 这个方法就是认证你可不可以访问我这个接口
  File "C:\ProgramData\Anaconda3\lib\site-packages\rest_framework\authentication.py", line 45, in authenticate
    raise NotImplementedError(".authenticate() must be overridden.")
NotImplementedError: .authenticate() must be overridden.
2019-05-13 10:55:19,357 [Thread-2:21324] [django.request:228] [log:log_response] [ERROR]- Internal Server Error: /monkey
Traceback (most recent call last):
  File "C:\ProgramData\Anaconda3\lib\site-packages\django\core\handlers\exception.py", line 34, in inner
    response = get_response(request)
  File "C:\ProgramData\Anaconda3\lib\site-packages\django\core\handlers\base.py", line 156, in _get_response
    response = self.process_exception_by_middleware(e, request)
  File "C:\ProgramData\Anaconda3\lib\site-packages\django\core\handlers\base.py", line 154, in _get_response
    response = response.render()
  File "C:\ProgramData\Anaconda3\lib\site-packages\django\template\response.py", line 106, in render
    self.content = self.rendered_content
  File "C:\ProgramData\Anaconda3\lib\site-packages\rest_framework\response.py", line 72, in rendered_content
    ret = renderer.render(self.data, accepted_media_type, context)
  File "C:\ProgramData\Anaconda3\lib\site-packages\rest_framework\renderers.py", line 732, in render
    template = loader.get_template(self.template)
  File "C:\ProgramData\Anaconda3\lib\site-packages\django\template\loader.py", line 19, in get_template
    raise TemplateDoesNotExist(template_name, chain=chain)
django.template.exceptions.TemplateDoesNotExist: rest_framework/api.html
2019-05-13 10:55:22,120 [Thread-2:21324] [django.request:228] [log:log_response] [ERROR]- Internal Server Error: /monkey
Traceback (most recent call last):
  File "C:\ProgramData\Anaconda3\lib\site-packages\django\core\handlers\exception.py", line 34, in inner
    response = get_response(request)
  File "C:\ProgramData\Anaconda3\lib\site-packages\django\core\handlers\base.py", line 156, in _get_response
    response = self.process_exception_by_middleware(e, request)
  File "C:\ProgramData\Anaconda3\lib\site-packages\django\core\handlers\base.py", line 154, in _get_response
    response = response.render()
  File "C:\ProgramData\Anaconda3\lib\site-packages\django\template\response.py", line 106, in render
    self.content = self.rendered_content
  File "C:\ProgramData\Anaconda3\lib\site-packages\rest_framework\response.py", line 72, in rendered_content
    ret = renderer.render(self.data, accepted_media_type, context)
  File "C:\ProgramData\Anaconda3\lib\site-packages\rest_framework\renderers.py", line 732, in render
    template = loader.get_template(self.template)
  File "C:\ProgramData\Anaconda3\lib\site-packages\django\template\loader.py", line 19, in get_template
    raise TemplateDoesNotExist(template_name, chain=chain)
django.template.exceptions.TemplateDoesNotExist: rest_framework/api.html
2019-05-13 10:56:46,009 [Thread-2:2484] [django.request:228] [log:log_response] [ERROR]- Internal Server Error: /monkey
Traceback (most recent call last):
  File "C:\ProgramData\Anaconda3\lib\site-packages\django\core\handlers\exception.py", line 34, in inner
    response = get_response(request)
  File "C:\ProgramData\Anaconda3\lib\site-packages\django\core\handlers\base.py", line 156, in _get_response
    response = self.process_exception_by_middleware(e, request)
  File "C:\ProgramData\Anaconda3\lib\site-packages\django\core\handlers\base.py", line 154, in _get_response
    response = response.render()
  File "C:\ProgramData\Anaconda3\lib\site-packages\django\template\response.py", line 106, in render
    self.content = self.rendered_content
  File "C:\ProgramData\Anaconda3\lib\site-packages\rest_framework\response.py", line 72, in rendered_content
    ret = renderer.render(self.data, accepted_media_type, context)
  File "C:\ProgramData\Anaconda3\lib\site-packages\rest_framework\renderers.py", line 732, in render
    template = loader.get_template(self.template)
  File "C:\ProgramData\Anaconda3\lib\site-packages\django\template\loader.py", line 19, in get_template
    raise TemplateDoesNotExist(template_name, chain=chain)
django.template.exceptions.TemplateDoesNotExist: rest_framework/api.html
2019-05-13 10:59:00,226 [Thread-2:8168] [django.request:228] [log:log_response] [ERROR]- Internal Server Error: /monkey
Traceback (most recent call last):
  File "C:\ProgramData\Anaconda3\lib\site-packages\django\core\handlers\exception.py", line 34, in inner
    response = get_response(request)
  File "C:\ProgramData\Anaconda3\lib\site-packages\django\core\handlers\base.py", line 156, in _get_response
    response = self.process_exception_by_middleware(e, request)
  File "C:\ProgramData\Anaconda3\lib\site-packages\django\core\handlers\base.py", line 154, in _get_response
    response = response.render()
  File "C:\ProgramData\Anaconda3\lib\site-packages\django\template\response.py", line 106, in render
    self.content = self.rendered_content
  File "C:\ProgramData\Anaconda3\lib\site-packages\rest_framework\response.py", line 72, in rendered_content
    ret = renderer.render(self.data, accepted_media_type, context)
  File "C:\ProgramData\Anaconda3\lib\site-packages\rest_framework\renderers.py", line 732, in render
    template = loader.get_template(self.template)
  File "C:\ProgramData\Anaconda3\lib\site-packages\django\template\loader.py", line 19, in get_template
    raise TemplateDoesNotExist(template_name, chain=chain)
django.template.exceptions.TemplateDoesNotExist: rest_framework/api.html
2019-05-13 10:59:21,163 [Thread-2:8168] [django.request:228] [log:log_response] [WARNING]- Not Found: /mokey
2019-05-13 10:59:30,926 [Thread-2:8168] [django.request:228] [log:log_response] [ERROR]- Internal Server Error: /monkey
Traceback (most recent call last):
  File "C:\ProgramData\Anaconda3\lib\site-packages\django\core\handlers\exception.py", line 34, in inner
    response = get_response(request)
  File "C:\ProgramData\Anaconda3\lib\site-packages\django\core\handlers\base.py", line 156, in _get_response
    response = self.process_exception_by_middleware(e, request)
  File "C:\ProgramData\Anaconda3\lib\site-packages\django\core\handlers\base.py", line 154, in _get_response
    response = response.render()
  File "C:\ProgramData\Anaconda3\lib\site-packages\django\template\response.py", line 106, in render
    self.content = self.rendered_content
  File "C:\ProgramData\Anaconda3\lib\site-packages\rest_framework\response.py", line 72, in rendered_content
    ret = renderer.render(self.data, accepted_media_type, context)
  File "C:\ProgramData\Anaconda3\lib\site-packages\rest_framework\renderers.py", line 732, in render
    template = loader.get_template(self.template)
  File "C:\ProgramData\Anaconda3\lib\site-packages\django\template\loader.py", line 19, in get_template
    raise TemplateDoesNotExist(template_name, chain=chain)
django.template.exceptions.TemplateDoesNotExist: rest_framework/api.html
2019-05-13 11:08:17,235 [Thread-3:2796] [django.request:228] [log:log_response] [ERROR]- Internal Server Error: /monkey
Traceback (most recent call last):
  File "C:\ProgramData\Anaconda3\lib\site-packages\django\core\handlers\exception.py", line 34, in inner
    response = get_response(request)
  File "C:\ProgramData\Anaconda3\lib\site-packages\django\core\handlers\base.py", line 156, in _get_response
    response = self.process_exception_by_middleware(e, request)
  File "C:\ProgramData\Anaconda3\lib\site-packages\django\core\handlers\base.py", line 154, in _get_response
    response = response.render()
  File "C:\ProgramData\Anaconda3\lib\site-packages\django\template\response.py", line 106, in render
    self.content = self.rendered_content
  File "C:\ProgramData\Anaconda3\lib\site-packages\rest_framework\response.py", line 72, in rendered_content
    ret = renderer.render(self.data, accepted_media_type, context)
  File "C:\ProgramData\Anaconda3\lib\site-packages\rest_framework\renderers.py", line 732, in render
    template = loader.get_template(self.template)
  File "C:\ProgramData\Anaconda3\lib\site-packages\django\template\loader.py", line 19, in get_template
    raise TemplateDoesNotExist(template_name, chain=chain)
django.template.exceptions.TemplateDoesNotExist: rest_framework/api.html
2019-05-13 11:08:20,713 [Thread-3:2796] [django.request:228] [log:log_response] [ERROR]- Internal Server Error: /monkey
Traceback (most recent call last):
  File "C:\ProgramData\Anaconda3\lib\site-packages\django\core\handlers\exception.py", line 34, in inner
    response = get_response(request)
  File "C:\ProgramData\Anaconda3\lib\site-packages\django\core\handlers\base.py", line 156, in _get_response
    response = self.process_exception_by_middleware(e, request)
  File "C:\ProgramData\Anaconda3\lib\site-packages\django\core\handlers\base.py", line 154, in _get_response
    response = response.render()
  File "C:\ProgramData\Anaconda3\lib\site-packages\django\template\response.py", line 106, in render
    self.content = self.rendered_content
  File "C:\ProgramData\Anaconda3\lib\site-packages\rest_framework\response.py", line 72, in rendered_content
    ret = renderer.render(self.data, accepted_media_type, context)
  File "C:\ProgramData\Anaconda3\lib\site-packages\rest_framework\renderers.py", line 732, in render
    template = loader.get_template(self.template)
  File "C:\ProgramData\Anaconda3\lib\site-packages\django\template\loader.py", line 19, in get_template
    raise TemplateDoesNotExist(template_name, chain=chain)
django.template.exceptions.TemplateDoesNotExist: rest_framework/api.html
2019-05-13 11:09:23,968 [Thread-2:23988] [django.request:228] [log:log_response] [ERROR]- Internal Server Error: /monkey
Traceback (most recent call last):
  File "C:\ProgramData\Anaconda3\lib\site-packages\django\core\handlers\exception.py", line 34, in inner
    response = get_response(request)
  File "C:\ProgramData\Anaconda3\lib\site-packages\django\core\handlers\base.py", line 156, in _get_response
    response = self.process_exception_by_middleware(e, request)
  File "C:\ProgramData\Anaconda3\lib\site-packages\django\core\handlers\base.py", line 154, in _get_response
    response = response.render()
  File "C:\ProgramData\Anaconda3\lib\site-packages\django\template\response.py", line 106, in render
    self.content = self.rendered_content
  File "C:\ProgramData\Anaconda3\lib\site-packages\rest_framework\response.py", line 72, in rendered_content
    ret = renderer.render(self.data, accepted_media_type, context)
  File "C:\ProgramData\Anaconda3\lib\site-packages\rest_framework\renderers.py", line 732, in render
    template = loader.get_template(self.template)
  File "C:\ProgramData\Anaconda3\lib\site-packages\django\template\loader.py", line 19, in get_template
    raise TemplateDoesNotExist(template_name, chain=chain)
django.template.exceptions.TemplateDoesNotExist: rest_framework/api.html
2019-05-13 11:10:12,141 [Thread-2:9496] [django.request:228] [log:log_response] [ERROR]- Internal Server Error: /monkey
Traceback (most recent call last):
  File "C:\ProgramData\Anaconda3\lib\site-packages\django\core\handlers\exception.py", line 34, in inner
    response = get_response(request)
  File "C:\ProgramData\Anaconda3\lib\site-packages\django\core\handlers\base.py", line 156, in _get_response
    response = self.process_exception_by_middleware(e, request)
  File "C:\ProgramData\Anaconda3\lib\site-packages\django\core\handlers\base.py", line 154, in _get_response
    response = response.render()
  File "C:\ProgramData\Anaconda3\lib\site-packages\django\template\response.py", line 106, in render
    self.content = self.rendered_content
  File "C:\ProgramData\Anaconda3\lib\site-packages\rest_framework\response.py", line 72, in rendered_content
    ret = renderer.render(self.data, accepted_media_type, context)
  File "C:\ProgramData\Anaconda3\lib\site-packages\rest_framework\renderers.py", line 732, in render
    template = loader.get_template(self.template)
  File "C:\ProgramData\Anaconda3\lib\site-packages\django\template\loader.py", line 19, in get_template
    raise TemplateDoesNotExist(template_name, chain=chain)
django.template.exceptions.TemplateDoesNotExist: rest_framework/api.html
2019-05-13 11:10:51,334 [Thread-2:21816] [django.request:228] [log:log_response] [ERROR]- Internal Server Error: /monkey
Traceback (most recent call last):
  File "C:\ProgramData\Anaconda3\lib\site-packages\django\core\handlers\exception.py", line 34, in inner
    response = get_response(request)
  File "C:\ProgramData\Anaconda3\lib\site-packages\django\core\handlers\base.py", line 156, in _get_response
    response = self.process_exception_by_middleware(e, request)
  File "C:\ProgramData\Anaconda3\lib\site-packages\django\core\handlers\base.py", line 154, in _get_response
    response = response.render()
  File "C:\ProgramData\Anaconda3\lib\site-packages\django\template\response.py", line 106, in render
    self.content = self.rendered_content
  File "C:\ProgramData\Anaconda3\lib\site-packages\rest_framework\response.py", line 72, in rendered_content
    ret = renderer.render(self.data, accepted_media_type, context)
  File "C:\ProgramData\Anaconda3\lib\site-packages\rest_framework\renderers.py", line 732, in render
    template = loader.get_template(self.template)
  File "C:\ProgramData\Anaconda3\lib\site-packages\django\template\loader.py", line 19, in get_template
    raise TemplateDoesNotExist(template_name, chain=chain)
django.template.exceptions.TemplateDoesNotExist: rest_framework/api.html
2019-05-13 11:11:09,216 [Thread-2:18608] [django.request:228] [log:log_response] [ERROR]- Internal Server Error: /monkey
Traceback (most recent call last):
  File "C:\ProgramData\Anaconda3\lib\site-packages\django\core\handlers\exception.py", line 34, in inner
    response = get_response(request)
  File "C:\ProgramData\Anaconda3\lib\site-packages\django\core\handlers\base.py", line 156, in _get_response
    response = self.process_exception_by_middleware(e, request)
  File "C:\ProgramData\Anaconda3\lib\site-packages\django\core\handlers\base.py", line 154, in _get_response
    response = response.render()
  File "C:\ProgramData\Anaconda3\lib\site-packages\django\template\response.py", line 106, in render
    self.content = self.rendered_content
  File "C:\ProgramData\Anaconda3\lib\site-packages\rest_framework\response.py", line 72, in rendered_content
    ret = renderer.render(self.data, accepted_media_type, context)
  File "C:\ProgramData\Anaconda3\lib\site-packages\rest_framework\renderers.py", line 732, in render
    template = loader.get_template(self.template)
  File "C:\ProgramData\Anaconda3\lib\site-packages\django\template\loader.py", line 19, in get_template
    raise TemplateDoesNotExist(template_name, chain=chain)
django.template.exceptions.TemplateDoesNotExist: rest_framework/api.html
2019-05-13 11:15:12,909 [Thread-2:8396] [django.request:228] [log:log_response] [ERROR]- Internal Server Error: /monkey
Traceback (most recent call last):
  File "C:\ProgramData\Anaconda3\lib\site-packages\django\core\handlers\exception.py", line 34, in inner
    response = get_response(request)
  File "C:\ProgramData\Anaconda3\lib\site-packages\django\core\handlers\base.py", line 156, in _get_response
    response = self.process_exception_by_middleware(e, request)
  File "C:\ProgramData\Anaconda3\lib\site-packages\django\core\handlers\base.py", line 154, in _get_response
    response = response.render()
  File "C:\ProgramData\Anaconda3\lib\site-packages\django\template\response.py", line 106, in render
    self.content = self.rendered_content
  File "C:\ProgramData\Anaconda3\lib\site-packages\rest_framework\response.py", line 72, in rendered_content
    ret = renderer.render(self.data, accepted_media_type, context)
  File "C:\ProgramData\Anaconda3\lib\site-packages\rest_framework\renderers.py", line 732, in render
    template = loader.get_template(self.template)
  File "C:\ProgramData\Anaconda3\lib\site-packages\django\template\loader.py", line 19, in get_template
    raise TemplateDoesNotExist(template_name, chain=chain)
django.template.exceptions.TemplateDoesNotExist: rest_framework/api.html
2019-05-13 11:19:56,084 [Thread-2:15328] [django.request:228] [log:log_response] [ERROR]- Internal Server Error: /monkey
Traceback (most recent call last):
  File "C:\ProgramData\Anaconda3\lib\site-packages\django\core\handlers\exception.py", line 34, in inner
    response = get_response(request)
  File "C:\ProgramData\Anaconda3\lib\site-packages\django\core\handlers\base.py", line 156, in _get_response
    response = self.process_exception_by_middleware(e, request)
  File "C:\ProgramData\Anaconda3\lib\site-packages\django\core\handlers\base.py", line 154, in _get_response
    response = response.render()
  File "C:\ProgramData\Anaconda3\lib\site-packages\django\template\response.py", line 106, in render
    self.content = self.rendered_content
  File "C:\ProgramData\Anaconda3\lib\site-packages\rest_framework\response.py", line 72, in rendered_content
    ret = renderer.render(self.data, accepted_media_type, context)
  File "C:\ProgramData\Anaconda3\lib\site-packages\rest_framework\renderers.py", line 732, in render
    template = loader.get_template(self.template)
  File "C:\ProgramData\Anaconda3\lib\site-packages\django\template\loader.py", line 19, in get_template
    raise TemplateDoesNotExist(template_name, chain=chain)
django.template.exceptions.TemplateDoesNotExist: rest_framework/api.html
2019-05-13 11:19:57,992 [Thread-2:15328] [django.request:228] [log:log_response] [ERROR]- Internal Server Error: /monkey
Traceback (most recent call last):
  File "C:\ProgramData\Anaconda3\lib\site-packages\django\core\handlers\exception.py", line 34, in inner
    response = get_response(request)
  File "C:\ProgramData\Anaconda3\lib\site-packages\django\core\handlers\base.py", line 156, in _get_response
    response = self.process_exception_by_middleware(e, request)
  File "C:\ProgramData\Anaconda3\lib\site-packages\django\core\handlers\base.py", line 154, in _get_response
    response = response.render()
  File "C:\ProgramData\Anaconda3\lib\site-packages\django\template\response.py", line 106, in render
    self.content = self.rendered_content
  File "C:\ProgramData\Anaconda3\lib\site-packages\rest_framework\response.py", line 72, in rendered_content
    ret = renderer.render(self.data, accepted_media_type, context)
  File "C:\ProgramData\Anaconda3\lib\site-packages\rest_framework\renderers.py", line 732, in render
    template = loader.get_template(self.template)
  File "C:\ProgramData\Anaconda3\lib\site-packages\django\template\loader.py", line 19, in get_template
    raise TemplateDoesNotExist(template_name, chain=chain)
django.template.exceptions.TemplateDoesNotExist: rest_framework/api.html
2019-05-13 11:20:24,359 [Thread-2:15328] [django.request:228] [log:log_response] [ERROR]- Internal Server Error: /monkey
Traceback (most recent call last):
  File "C:\ProgramData\Anaconda3\lib\site-packages\django\core\handlers\exception.py", line 34, in inner
    response = get_response(request)
  File "C:\ProgramData\Anaconda3\lib\site-packages\django\core\handlers\base.py", line 156, in _get_response
    response = self.process_exception_by_middleware(e, request)
  File "C:\ProgramData\Anaconda3\lib\site-packages\django\core\handlers\base.py", line 154, in _get_response
    response = response.render()
  File "C:\ProgramData\Anaconda3\lib\site-packages\django\template\response.py", line 106, in render
    self.content = self.rendered_content
  File "C:\ProgramData\Anaconda3\lib\site-packages\rest_framework\response.py", line 72, in rendered_content
    ret = renderer.render(self.data, accepted_media_type, context)
  File "C:\ProgramData\Anaconda3\lib\site-packages\rest_framework\renderers.py", line 732, in render
    template = loader.get_template(self.template)
  File "C:\ProgramData\Anaconda3\lib\site-packages\django\template\loader.py", line 19, in get_template
    raise TemplateDoesNotExist(template_name, chain=chain)
django.template.exceptions.TemplateDoesNotExist: rest_framework/api.html
2019-05-13 11:20:54,247 [Thread-2:22836] [django.request:228] [log:log_response] [ERROR]- Internal Server Error: /monkey
Traceback (most recent call last):
  File "C:\ProgramData\Anaconda3\lib\site-packages\django\core\handlers\exception.py", line 34, in inner
    response = get_response(request)
  File "C:\ProgramData\Anaconda3\lib\site-packages\django\core\handlers\base.py", line 156, in _get_response
    response = self.process_exception_by_middleware(e, request)
  File "C:\ProgramData\Anaconda3\lib\site-packages\django\core\handlers\base.py", line 154, in _get_response
    response = response.render()
  File "C:\ProgramData\Anaconda3\lib\site-packages\django\template\response.py", line 106, in render
    self.content = self.rendered_content
  File "C:\ProgramData\Anaconda3\lib\site-packages\rest_framework\response.py", line 72, in rendered_content
    ret = renderer.render(self.data, accepted_media_type, context)
  File "C:\ProgramData\Anaconda3\lib\site-packages\rest_framework\renderers.py", line 734, in render
    ret = template.render(context, request=renderer_context['request'])
  File "C:\ProgramData\Anaconda3\lib\site-packages\django\template\backends\django.py", line 61, in render
    return self.template.render(context)
  File "C:\ProgramData\Anaconda3\lib\site-packages\django\template\base.py", line 169, in render
    with context.bind_template(self):
  File "C:\ProgramData\Anaconda3\lib\contextlib.py", line 112, in __enter__
    return next(self.gen)
  File "C:\ProgramData\Anaconda3\lib\site-packages\django\template\context.py", line 246, in bind_template
    updates.update(processor(self.request))
  File "C:\Users\island\Desktop\djangos\herman\monkey\views.py", line 98, in global_settings
    return {"herman":settings.Herman,
AttributeError: module 'core.config.settings' has no attribute 'Herman'
2019-05-13 11:21:27,260 [Thread-2:22836] [django.request:228] [log:log_response] [ERROR]- Internal Server Error: /monkey
Traceback (most recent call last):
  File "C:\ProgramData\Anaconda3\lib\site-packages\django\core\handlers\exception.py", line 34, in inner
    response = get_response(request)
  File "C:\ProgramData\Anaconda3\lib\site-packages\django\core\handlers\base.py", line 156, in _get_response
    response = self.process_exception_by_middleware(e, request)
  File "C:\ProgramData\Anaconda3\lib\site-packages\django\core\handlers\base.py", line 154, in _get_response
    response = response.render()
  File "C:\ProgramData\Anaconda3\lib\site-packages\django\template\response.py", line 106, in render
    self.content = self.rendered_content
  File "C:\ProgramData\Anaconda3\lib\site-packages\rest_framework\response.py", line 72, in rendered_content
    ret = renderer.render(self.data, accepted_media_type, context)
  File "C:\ProgramData\Anaconda3\lib\site-packages\rest_framework\renderers.py", line 734, in render
    ret = template.render(context, request=renderer_context['request'])
  File "C:\ProgramData\Anaconda3\lib\site-packages\django\template\backends\django.py", line 61, in render
    return self.template.render(context)
  File "C:\ProgramData\Anaconda3\lib\site-packages\django\template\base.py", line 169, in render
    with context.bind_template(self):
  File "C:\ProgramData\Anaconda3\lib\contextlib.py", line 112, in __enter__
    return next(self.gen)
  File "C:\ProgramData\Anaconda3\lib\site-packages\django\template\context.py", line 246, in bind_template
    updates.update(processor(self.request))
  File "C:\Users\island\Desktop\djangos\herman\monkey\views.py", line 98, in global_settings
    return {"herman":settings.Herman,
AttributeError: module 'core.config.settings' has no attribute 'Herman'
2019-05-13 11:21:35,061 [Thread-2:4632] [django.request:228] [log:log_response] [WARNING]- Forbidden: /monkey
2019-05-13 13:44:17,210 [Thread-2:22060] [django.request:228] [log:log_response] [WARNING]- Forbidden: /monkey
2019-05-13 13:44:54,064 [Thread-2:10508] [django.request:228] [log:log_response] [WARNING]- Forbidden: /monkey
2019-05-13 14:04:43,549 [Thread-3:22672] [django.request:228] [log:log_response] [ERROR]- Internal Server Error: /get_order
Traceback (most recent call last):
  File "C:\ProgramData\Anaconda3\lib\site-packages\django\core\handlers\exception.py", line 34, in inner
    response = get_response(request)
  File "C:\ProgramData\Anaconda3\lib\site-packages\django\core\handlers\base.py", line 126, in _get_response
    response = self.process_exception_by_middleware(e, request)
  File "C:\ProgramData\Anaconda3\lib\site-packages\django\core\handlers\base.py", line 124, in _get_response
    response = wrapped_callback(request, *callback_args, **callback_kwargs)
  File "C:\Users\island\Desktop\djangos\herman\monkey\views.py", line 111, in get_order
    logger.log(level=10,msg=settings.herman)
AttributeError: module 'core.config.settings' has no attribute 'herman'
2019-05-13 14:08:35,829 [Thread-4:14308] [django.request:228] [log:log_response] [WARNING]- Forbidden: /monkey
2019-05-13 14:08:44,400 [Thread-4:14308] [django.request:228] [log:log_response] [ERROR]- Internal Server Error: /monkey
Traceback (most recent call last):
  File "C:\ProgramData\Anaconda3\lib\site-packages\django\core\handlers\exception.py", line 34, in inner
    response = get_response(request)
  File "C:\ProgramData\Anaconda3\lib\site-packages\django\core\handlers\base.py", line 126, in _get_response
    response = self.process_exception_by_middleware(e, request)
  File "C:\ProgramData\Anaconda3\lib\site-packages\django\core\handlers\base.py", line 124, in _get_response
    response = wrapped_callback(request, *callback_args, **callback_kwargs)
  File "C:\ProgramData\Anaconda3\lib\site-packages\django\views\decorators\csrf.py", line 54, in wrapped_view
    return view_func(*args, **kwargs)
  File "C:\ProgramData\Anaconda3\lib\site-packages\django\views\generic\base.py", line 68, in view
    return self.dispatch(request, *args, **kwargs)
  File "C:\ProgramData\Anaconda3\lib\site-packages\rest_framework\views.py", line 495, in dispatch
    response = self.handle_exception(exc)
  File "C:\ProgramData\Anaconda3\lib\site-packages\rest_framework\views.py", line 455, in handle_exception
    self.raise_uncaught_exception(exc)
  File "C:\ProgramData\Anaconda3\lib\site-packages\rest_framework\views.py", line 492, in dispatch
    response = handler(request, *args, **kwargs)
  File "C:\Users\island\Desktop\djangos\herman\monkey\views.py", line 225, in post
    f.write(name)
TypeError: write() argument must be str, not None
2019-05-13 15:54:21,144 [Thread-2:24300] [django.request:228] [log:log_response] [WARNING]- Not Found: /api/v1/auth/
2019-05-13 15:54:36,288 [Thread-2:24300] [django.request:228] [log:log_response] [WARNING]- Not Found: /api/v1/auth
2019-05-13 15:55:08,246 [Thread-2:18724] [django.request:228] [log:log_response] [ERROR]- Internal Server Error: /api/v1/auth
Traceback (most recent call last):
  File "C:\ProgramData\Anaconda3\lib\site-packages\django\core\handlers\exception.py", line 34, in inner
    response = get_response(request)
  File "C:\ProgramData\Anaconda3\lib\site-packages\django\core\handlers\base.py", line 126, in _get_response
    response = self.process_exception_by_middleware(e, request)
  File "C:\ProgramData\Anaconda3\lib\site-packages\django\core\handlers\base.py", line 124, in _get_response
    response = wrapped_callback(request, *callback_args, **callback_kwargs)
  File "C:\ProgramData\Anaconda3\lib\site-packages\django\views\decorators\csrf.py", line 54, in wrapped_view
    return view_func(*args, **kwargs)
  File "C:\ProgramData\Anaconda3\lib\site-packages\django\views\generic\base.py", line 68, in view
    return self.dispatch(request, *args, **kwargs)
  File "C:\ProgramData\Anaconda3\lib\site-packages\rest_framework\views.py", line 497, in dispatch
    self.response = self.finalize_response(request, response, *args, **kwargs)
  File "C:\ProgramData\Anaconda3\lib\site-packages\rest_framework\views.py", line 412, in finalize_response
    % type(response)
AssertionError: Expected a `Response`, `HttpResponse` or `HttpStreamingResponse` to be returned from the view, but received a `<class 'NoneType'>`
2019-05-13 15:55:44,286 [Thread-2:18724] [django.request:228] [log:log_response] [ERROR]- Internal Server Error: /api/v1/auth
Traceback (most recent call last):
  File "C:\ProgramData\Anaconda3\lib\site-packages\django\core\handlers\exception.py", line 34, in inner
    response = get_response(request)
  File "C:\ProgramData\Anaconda3\lib\site-packages\django\core\handlers\base.py", line 126, in _get_response
    response = self.process_exception_by_middleware(e, request)
  File "C:\ProgramData\Anaconda3\lib\site-packages\django\core\handlers\base.py", line 124, in _get_response
    response = wrapped_callback(request, *callback_args, **callback_kwargs)
  File "C:\ProgramData\Anaconda3\lib\site-packages\django\views\decorators\csrf.py", line 54, in wrapped_view
    return view_func(*args, **kwargs)
  File "C:\ProgramData\Anaconda3\lib\site-packages\django\views\generic\base.py", line 68, in view
    return self.dispatch(request, *args, **kwargs)
  File "C:\ProgramData\Anaconda3\lib\site-packages\rest_framework\views.py", line 497, in dispatch
    self.response = self.finalize_response(request, response, *args, **kwargs)
  File "C:\ProgramData\Anaconda3\lib\site-packages\rest_framework\views.py", line 412, in finalize_response
    % type(response)
AssertionError: Expected a `Response`, `HttpResponse` or `HttpStreamingResponse` to be returned from the view, but received a `<class 'NoneType'>`
2019-05-13 15:56:28,941 [Thread-2:18724] [django.request:228] [log:log_response] [ERROR]- Internal Server Error: /api/v1/auth
Traceback (most recent call last):
  File "C:\ProgramData\Anaconda3\lib\site-packages\django\core\handlers\exception.py", line 34, in inner
    response = get_response(request)
  File "C:\ProgramData\Anaconda3\lib\site-packages\django\core\handlers\base.py", line 126, in _get_response
    response = self.process_exception_by_middleware(e, request)
  File "C:\ProgramData\Anaconda3\lib\site-packages\django\core\handlers\base.py", line 124, in _get_response
    response = wrapped_callback(request, *callback_args, **callback_kwargs)
  File "C:\ProgramData\Anaconda3\lib\site-packages\django\views\decorators\csrf.py", line 54, in wrapped_view
    return view_func(*args, **kwargs)
  File "C:\ProgramData\Anaconda3\lib\site-packages\django\views\generic\base.py", line 68, in view
    return self.dispatch(request, *args, **kwargs)
  File "C:\ProgramData\Anaconda3\lib\site-packages\rest_framework\views.py", line 497, in dispatch
    self.response = self.finalize_response(request, response, *args, **kwargs)
  File "C:\ProgramData\Anaconda3\lib\site-packages\rest_framework\views.py", line 412, in finalize_response
    % type(response)
AssertionError: Expected a `Response`, `HttpResponse` or `HttpStreamingResponse` to be returned from the view, but received a `<class 'NoneType'>`
2019-05-13 15:57:26,596 [Thread-2:21752] [django.request:228] [log:log_response] [ERROR]- Internal Server Error: /api/v1/auth
Traceback (most recent call last):
  File "C:\ProgramData\Anaconda3\lib\site-packages\django\core\handlers\exception.py", line 34, in inner
    response = get_response(request)
  File "C:\ProgramData\Anaconda3\lib\site-packages\django\core\handlers\base.py", line 126, in _get_response
    response = self.process_exception_by_middleware(e, request)
  File "C:\ProgramData\Anaconda3\lib\site-packages\django\core\handlers\base.py", line 124, in _get_response
    response = wrapped_callback(request, *callback_args, **callback_kwargs)
  File "C:\ProgramData\Anaconda3\lib\site-packages\django\views\decorators\csrf.py", line 54, in wrapped_view
    return view_func(*args, **kwargs)
  File "C:\ProgramData\Anaconda3\lib\site-packages\django\views\generic\base.py", line 68, in view
    return self.dispatch(request, *args, **kwargs)
  File "C:\ProgramData\Anaconda3\lib\site-packages\rest_framework\views.py", line 497, in dispatch
    self.response = self.finalize_response(request, response, *args, **kwargs)
  File "C:\ProgramData\Anaconda3\lib\site-packages\rest_framework\views.py", line 412, in finalize_response
    % type(response)
AssertionError: Expected a `Response`, `HttpResponse` or `HttpStreamingResponse` to be returned from the view, but received a `<class 'NoneType'>`
2019-05-13 15:58:18,667 [Thread-2:4896] [django.request:228] [log:log_response] [ERROR]- Internal Server Error: /api/v1/auth
Traceback (most recent call last):
  File "C:\ProgramData\Anaconda3\lib\site-packages\django\core\handlers\exception.py", line 34, in inner
    response = get_response(request)
  File "C:\ProgramData\Anaconda3\lib\site-packages\django\core\handlers\base.py", line 126, in _get_response
    response = self.process_exception_by_middleware(e, request)
  File "C:\ProgramData\Anaconda3\lib\site-packages\django\core\handlers\base.py", line 124, in _get_response
    response = wrapped_callback(request, *callback_args, **callback_kwargs)
  File "C:\ProgramData\Anaconda3\lib\site-packages\django\views\decorators\csrf.py", line 54, in wrapped_view
    return view_func(*args, **kwargs)
  File "C:\ProgramData\Anaconda3\lib\site-packages\django\views\generic\base.py", line 68, in view
    return self.dispatch(request, *args, **kwargs)
  File "C:\ProgramData\Anaconda3\lib\site-packages\rest_framework\views.py", line 497, in dispatch
    self.response = self.finalize_response(request, response, *args, **kwargs)
  File "C:\ProgramData\Anaconda3\lib\site-packages\rest_framework\views.py", line 412, in finalize_response
    % type(response)
AssertionError: Expected a `Response`, `HttpResponse` or `HttpStreamingResponse` to be returned from the view, but received a `<class 'NoneType'>`
2019-05-13 15:58:20,503 [Thread-2:4896] [django.request:228] [log:log_response] [ERROR]- Internal Server Error: /api/v1/auth
Traceback (most recent call last):
  File "C:\ProgramData\Anaconda3\lib\site-packages\django\core\handlers\exception.py", line 34, in inner
    response = get_response(request)
  File "C:\ProgramData\Anaconda3\lib\site-packages\django\core\handlers\base.py", line 126, in _get_response
    response = self.process_exception_by_middleware(e, request)
  File "C:\ProgramData\Anaconda3\lib\site-packages\django\core\handlers\base.py", line 124, in _get_response
    response = wrapped_callback(request, *callback_args, **callback_kwargs)
  File "C:\ProgramData\Anaconda3\lib\site-packages\django\views\decorators\csrf.py", line 54, in wrapped_view
    return view_func(*args, **kwargs)
  File "C:\ProgramData\Anaconda3\lib\site-packages\django\views\generic\base.py", line 68, in view
    return self.dispatch(request, *args, **kwargs)
  File "C:\ProgramData\Anaconda3\lib\site-packages\rest_framework\views.py", line 497, in dispatch
    self.response = self.finalize_response(request, response, *args, **kwargs)
  File "C:\ProgramData\Anaconda3\lib\site-packages\rest_framework\views.py", line 412, in finalize_response
    % type(response)
AssertionError: Expected a `Response`, `HttpResponse` or `HttpStreamingResponse` to be returned from the view, but received a `<class 'NoneType'>`
2019-05-13 10:39:42,653 [Thread-2:12936] [django.request:228] [log:log_response] [WARNING]- Method Not Allowed: /api/v1/order
2019-05-13 10:39:54,920 [Thread-2:12936] [django.request:228] [log:log_response] [ERROR]- Internal Server Error: /api/v1/order
Traceback (most recent call last):
  File "C:\ProgramData\Anaconda3\lib\site-packages\django\core\handlers\exception.py", line 34, in inner
    response = get_response(request)
  File "C:\ProgramData\Anaconda3\lib\site-packages\django\core\handlers\base.py", line 126, in _get_response
    response = self.process_exception_by_middleware(e, request)
  File "C:\ProgramData\Anaconda3\lib\site-packages\django\core\handlers\base.py", line 124, in _get_response
    response = wrapped_callback(request, *callback_args, **callback_kwargs)
  File "C:\ProgramData\Anaconda3\lib\site-packages\django\views\decorators\csrf.py", line 54, in wrapped_view
    return view_func(*args, **kwargs)
  File "C:\ProgramData\Anaconda3\lib\site-packages\django\views\generic\base.py", line 68, in view
    return self.dispatch(request, *args, **kwargs)
  File "C:\ProgramData\Anaconda3\lib\site-packages\rest_framework\views.py", line 495, in dispatch
    response = self.handle_exception(exc)
  File "C:\ProgramData\Anaconda3\lib\site-packages\rest_framework\views.py", line 455, in handle_exception
    self.raise_uncaught_exception(exc)
  File "C:\ProgramData\Anaconda3\lib\site-packages\rest_framework\views.py", line 492, in dispatch
    response = handler(request, *args, **kwargs)
TypeError: get() takes 1 positional argument but 2 were given
2019-05-13 10:40:19,715 [Thread-2:17616] [django.request:228] [log:log_response] [ERROR]- Internal Server Error: /api/v1/order
Traceback (most recent call last):
  File "C:\ProgramData\Anaconda3\lib\site-packages\django\core\handlers\exception.py", line 34, in inner
    response = get_response(request)
  File "C:\ProgramData\Anaconda3\lib\site-packages\django\core\handlers\base.py", line 126, in _get_response
    response = self.process_exception_by_middleware(e, request)
  File "C:\ProgramData\Anaconda3\lib\site-packages\django\core\handlers\base.py", line 124, in _get_response
    response = wrapped_callback(request, *callback_args, **callback_kwargs)
  File "C:\ProgramData\Anaconda3\lib\site-packages\django\views\decorators\csrf.py", line 54, in wrapped_view
    return view_func(*args, **kwargs)
  File "C:\ProgramData\Anaconda3\lib\site-packages\django\views\generic\base.py", line 68, in view
    return self.dispatch(request, *args, **kwargs)
  File "C:\ProgramData\Anaconda3\lib\site-packages\rest_framework\views.py", line 495, in dispatch
    response = self.handle_exception(exc)
  File "C:\ProgramData\Anaconda3\lib\site-packages\rest_framework\views.py", line 455, in handle_exception
    self.raise_uncaught_exception(exc)
  File "C:\ProgramData\Anaconda3\lib\site-packages\rest_framework\views.py", line 492, in dispatch
    response = handler(request, *args, **kwargs)
  File "C:\Users\island\Desktop\djangos\herman\elephent\views.py", line 57, in get
    return JsonResponse(orders)
  File "C:\ProgramData\Anaconda3\lib\site-packages\django\http\response.py", line 552, in __init__
    'In order to allow non-dict objects to be serialized set the '
TypeError: In order to allow non-dict objects to be serialized set the safe parameter to False.
2019-05-13 10:40:21,838 [Thread-2:17616] [django.request:228] [log:log_response] [ERROR]- Internal Server Error: /api/v1/order
Traceback (most recent call last):
  File "C:\ProgramData\Anaconda3\lib\site-packages\django\core\handlers\exception.py", line 34, in inner
    response = get_response(request)
  File "C:\ProgramData\Anaconda3\lib\site-packages\django\core\handlers\base.py", line 126, in _get_response
    response = self.process_exception_by_middleware(e, request)
  File "C:\ProgramData\Anaconda3\lib\site-packages\django\core\handlers\base.py", line 124, in _get_response
    response = wrapped_callback(request, *callback_args, **callback_kwargs)
  File "C:\ProgramData\Anaconda3\lib\site-packages\django\views\decorators\csrf.py", line 54, in wrapped_view
    return view_func(*args, **kwargs)
  File "C:\ProgramData\Anaconda3\lib\site-packages\django\views\generic\base.py", line 68, in view
    return self.dispatch(request, *args, **kwargs)
  File "C:\ProgramData\Anaconda3\lib\site-packages\rest_framework\views.py", line 495, in dispatch
    response = self.handle_exception(exc)
  File "C:\ProgramData\Anaconda3\lib\site-packages\rest_framework\views.py", line 455, in handle_exception
    self.raise_uncaught_exception(exc)
  File "C:\ProgramData\Anaconda3\lib\site-packages\rest_framework\views.py", line 492, in dispatch
    response = handler(request, *args, **kwargs)
  File "C:\Users\island\Desktop\djangos\herman\elephent\views.py", line 57, in get
    return JsonResponse(orders)
  File "C:\ProgramData\Anaconda3\lib\site-packages\django\http\response.py", line 552, in __init__
    'In order to allow non-dict objects to be serialized set the '
TypeError: In order to allow non-dict objects to be serialized set the safe parameter to False.
2019-05-13 10:40:23,438 [Thread-2:17616] [django.request:228] [log:log_response] [ERROR]- Internal Server Error: /api/v1/order
Traceback (most recent call last):
  File "C:\ProgramData\Anaconda3\lib\site-packages\django\core\handlers\exception.py", line 34, in inner
    response = get_response(request)
  File "C:\ProgramData\Anaconda3\lib\site-packages\django\core\handlers\base.py", line 126, in _get_response
    response = self.process_exception_by_middleware(e, request)
  File "C:\ProgramData\Anaconda3\lib\site-packages\django\core\handlers\base.py", line 124, in _get_response
    response = wrapped_callback(request, *callback_args, **callback_kwargs)
  File "C:\ProgramData\Anaconda3\lib\site-packages\django\views\decorators\csrf.py", line 54, in wrapped_view
    return view_func(*args, **kwargs)
  File "C:\ProgramData\Anaconda3\lib\site-packages\django\views\generic\base.py", line 68, in view
    return self.dispatch(request, *args, **kwargs)
  File "C:\ProgramData\Anaconda3\lib\site-packages\rest_framework\views.py", line 495, in dispatch
    response = self.handle_exception(exc)
  File "C:\ProgramData\Anaconda3\lib\site-packages\rest_framework\views.py", line 455, in handle_exception
    self.raise_uncaught_exception(exc)
  File "C:\ProgramData\Anaconda3\lib\site-packages\rest_framework\views.py", line 492, in dispatch
    response = handler(request, *args, **kwargs)
  File "C:\Users\island\Desktop\djangos\herman\elephent\views.py", line 57, in get
    return JsonResponse(orders)
  File "C:\ProgramData\Anaconda3\lib\site-packages\django\http\response.py", line 552, in __init__
    'In order to allow non-dict objects to be serialized set the '
TypeError: In order to allow non-dict objects to be serialized set the safe parameter to False.
2019-05-13 10:40:56,667 [Thread-2:10504] [django.request:228] [log:log_response] [ERROR]- Internal Server Error: /api/v1/order
Traceback (most recent call last):
  File "C:\ProgramData\Anaconda3\lib\site-packages\django\core\handlers\exception.py", line 34, in inner
    response = get_response(request)
  File "C:\ProgramData\Anaconda3\lib\site-packages\django\core\handlers\base.py", line 126, in _get_response
    response = self.process_exception_by_middleware(e, request)
  File "C:\ProgramData\Anaconda3\lib\site-packages\django\core\handlers\base.py", line 124, in _get_response
    response = wrapped_callback(request, *callback_args, **callback_kwargs)
  File "C:\ProgramData\Anaconda3\lib\site-packages\django\views\decorators\csrf.py", line 54, in wrapped_view
    return view_func(*args, **kwargs)
  File "C:\ProgramData\Anaconda3\lib\site-packages\django\views\generic\base.py", line 68, in view
    return self.dispatch(request, *args, **kwargs)
  File "C:\ProgramData\Anaconda3\lib\site-packages\rest_framework\views.py", line 495, in dispatch
    response = self.handle_exception(exc)
  File "C:\ProgramData\Anaconda3\lib\site-packages\rest_framework\views.py", line 455, in handle_exception
    self.raise_uncaught_exception(exc)
  File "C:\ProgramData\Anaconda3\lib\site-packages\rest_framework\views.py", line 492, in dispatch
    response = handler(request, *args, **kwargs)
  File "C:\Users\island\Desktop\djangos\herman\elephent\views.py", line 57, in get
    return JsonResponse(orders,safe=False)
  File "C:\ProgramData\Anaconda3\lib\site-packages\django\http\response.py", line 558, in __init__
    data = json.dumps(data, cls=encoder, **json_dumps_params)
  File "C:\ProgramData\Anaconda3\lib\json\__init__.py", line 238, in dumps
    **kw).encode(obj)
  File "C:\ProgramData\Anaconda3\lib\json\encoder.py", line 199, in encode
    chunks = self.iterencode(o, _one_shot=True)
  File "C:\ProgramData\Anaconda3\lib\json\encoder.py", line 257, in iterencode
    return _iterencode(o, 0)
  File "C:\ProgramData\Anaconda3\lib\site-packages\django\core\serializers\json.py", line 104, in default
    return super().default(o)
  File "C:\ProgramData\Anaconda3\lib\json\encoder.py", line 179, in default
    raise TypeError(f'Object of type {o.__class__.__name__} '
TypeError: Object of type QuerySet is not JSON serializable
